<?xml version="1.0" encoding="UTF-8" ?>
<testsuite errors="0" failures="0" hostname="ashuhp" name="backend.OwnerTest" skipped="0" tests="6" time="0.486" timestamp="2021-04-04T07:37:13">
  <properties>
    <property name="libs.spring-framework300.classpath" value="/snap/netbeans/45/netbeans/platform/modules/org-apache-commons-logging.jar:/snap/netbeans/45/netbeans/java/modules/ext/cglib-2.2.jar:/snap/netbeans/45/netbeans/java/modules/ext/spring-3.0/spring-aop-3.2.18.RELEASE.jar:/snap/netbeans/45/netbeans/java/modules/ext/spring-3.0/spring-aspects-3.2.18.RELEASE.jar:/snap/netbeans/45/netbeans/java/modules/ext/spring-3.0/spring-beans-3.2.18.RELEASE.jar:/snap/netbeans/45/netbeans/java/modules/ext/spring-3.0/spring-context-3.2.18.RELEASE.jar:/snap/netbeans/45/netbeans/java/modules/ext/spring-3.0/spring-context-support-3.2.18.RELEASE.jar:/snap/netbeans/45/netbeans/java/modules/ext/spring-3.0/spring-core-3.2.18.RELEASE.jar:/snap/netbeans/45/netbeans/java/modules/ext/spring-3.0/spring-expression-3.2.18.RELEASE.jar:/snap/netbeans/45/netbeans/java/modules/ext/spring-3.0/spring-instrument-3.2.18.RELEASE.jar:/snap/netbeans/45/netbeans/java/modules/ext/spring-3.0/spring-instrument-tomcat-3.2.18.RELEASE.jar:/snap/netbeans/45/netbeans/java/modules/ext/spring-3.0/spring-jdbc-3.2.18.RELEASE.jar:/snap/netbeans/45/netbeans/java/modules/ext/spring-3.0/spring-jms-3.2.18.RELEASE.jar:/snap/netbeans/45/netbeans/java/modules/ext/spring-3.0/spring-orm-3.2.18.RELEASE.jar:/snap/netbeans/45/netbeans/java/modules/ext/spring-3.0/spring-oxm-3.2.18.RELEASE.jar:/snap/netbeans/45/netbeans/java/modules/ext/spring-3.0/spring-struts-3.2.18.RELEASE.jar:/snap/netbeans/45/netbeans/java/modules/ext/spring-3.0/spring-test-3.2.18.RELEASE.jar:/snap/netbeans/45/netbeans/java/modules/ext/spring-3.0/spring-tx-3.2.18.RELEASE.jar:/snap/netbeans/45/netbeans/java/modules/ext/spring-3.0/spring-web-3.2.18.RELEASE.jar:/snap/netbeans/45/netbeans/java/modules/ext/spring-3.0/spring-webmvc-3.2.18.RELEASE.jar:/snap/netbeans/45/netbeans/java/modules/ext/spring-3.0/spring-webmvc-portlet-3.2.18.RELEASE.jar" />
    <property name="javac.test.classpath" value="lib/mysql-connector-java-8.0.23.jar:/home/ashutosh/Zulu/lib/absolutelayout/AbsoluteLayout.jar:lib/itextpdf-5.4.0.jar:lib/xchart-3.8.0.jar:build/classes:/home/ashutosh/Zulu/lib/junit_4/junit-4.13.1.jar:/home/ashutosh/Zulu/lib/hamcrest/hamcrest-core-1.3.jar" />
    <property name="java.specification.version" value="11" />
    <property name="libs.spring-framework500.classpath" value="/snap/netbeans/45/netbeans/platform/modules/org-apache-commons-logging.jar:/snap/netbeans/45/netbeans/java/modules/ext/cglib-2.2.jar:/snap/netbeans/45/netbeans/java/modules/ext/spring-5/spring-aop-5.2.9.RELEASE.jar:/snap/netbeans/45/netbeans/java/modules/ext/spring-5/spring-aspects-5.2.9.RELEASE.jar:/snap/netbeans/45/netbeans/java/modules/ext/spring-5/spring-beans-5.2.9.RELEASE.jar:/snap/netbeans/45/netbeans/java/modules/ext/spring-5/spring-context-5.2.9.RELEASE.jar:/snap/netbeans/45/netbeans/java/modules/ext/spring-5/spring-context-indexer-5.2.9.RELEASE.jar:/snap/netbeans/45/netbeans/java/modules/ext/spring-5/spring-context-support-5.2.9.RELEASE.jar:/snap/netbeans/45/netbeans/java/modules/ext/spring-5/spring-core-5.2.9.RELEASE.jar:/snap/netbeans/45/netbeans/java/modules/ext/spring-5/spring-expression-5.2.9.RELEASE.jar:/snap/netbeans/45/netbeans/java/modules/ext/spring-5/spring-instrument-5.2.9.RELEASE.jar:/snap/netbeans/45/netbeans/java/modules/ext/spring-5/spring-jcl-5.2.9.RELEASE.jar:/snap/netbeans/45/netbeans/java/modules/ext/spring-5/spring-jdbc-5.2.9.RELEASE.jar:/snap/netbeans/45/netbeans/java/modules/ext/spring-5/spring-jms-5.2.9.RELEASE.jar:/snap/netbeans/45/netbeans/java/modules/ext/spring-5/spring-messaging-5.2.9.RELEASE.jar:/snap/netbeans/45/netbeans/java/modules/ext/spring-5/spring-orm-5.2.9.RELEASE.jar:/snap/netbeans/45/netbeans/java/modules/ext/spring-5/spring-oxm-5.2.9.RELEASE.jar:/snap/netbeans/45/netbeans/java/modules/ext/spring-5/spring-test-5.2.9.RELEASE.jar:/snap/netbeans/45/netbeans/java/modules/ext/spring-5/spring-tx-5.2.9.RELEASE.jar:/snap/netbeans/45/netbeans/java/modules/ext/spring-5/spring-web-5.2.9.RELEASE.jar:/snap/netbeans/45/netbeans/java/modules/ext/spring-5/spring-webflux-5.2.9.RELEASE.jar:/snap/netbeans/45/netbeans/java/modules/ext/spring-5/spring-webmvc-5.2.9.RELEASE.jar:/snap/netbeans/45/netbeans/java/modules/ext/spring-5/spring-websocket-5.2.9.RELEASE.jar" />
    <property name="jar.index.metainf" value="false" />
    <property name="libs.spring-webmvc4.0.javadoc" value="" />
    <property name="libs.spring-framework400.classpath" value="/snap/netbeans/45/netbeans/platform/modules/org-apache-commons-logging.jar:/snap/netbeans/45/netbeans/java/modules/ext/cglib-2.2.jar:/snap/netbeans/45/netbeans/java/modules/ext/spring-4/spring-aop-4.3.29.RELEASE.jar:/snap/netbeans/45/netbeans/java/modules/ext/spring-4/spring-aspects-4.3.29.RELEASE.jar:/snap/netbeans/45/netbeans/java/modules/ext/spring-4/spring-beans-4.3.29.RELEASE.jar:/snap/netbeans/45/netbeans/java/modules/ext/spring-4/spring-context-4.3.29.RELEASE.jar:/snap/netbeans/45/netbeans/java/modules/ext/spring-4/spring-context-support-4.3.29.RELEASE.jar:/snap/netbeans/45/netbeans/java/modules/ext/spring-4/spring-core-4.3.29.RELEASE.jar:/snap/netbeans/45/netbeans/java/modules/ext/spring-4/spring-expression-4.3.29.RELEASE.jar:/snap/netbeans/45/netbeans/java/modules/ext/spring-4/spring-instrument-4.3.29.RELEASE.jar:/snap/netbeans/45/netbeans/java/modules/ext/spring-4/spring-instrument-tomcat-4.3.29.RELEASE.jar:/snap/netbeans/45/netbeans/java/modules/ext/spring-4/spring-jdbc-4.3.29.RELEASE.jar:/snap/netbeans/45/netbeans/java/modules/ext/spring-4/spring-jms-4.3.29.RELEASE.jar:/snap/netbeans/45/netbeans/java/modules/ext/spring-4/spring-messaging-4.3.29.RELEASE.jar:/snap/netbeans/45/netbeans/java/modules/ext/spring-4/spring-orm-4.3.29.RELEASE.jar:/snap/netbeans/45/netbeans/java/modules/ext/spring-4/spring-oxm-4.3.29.RELEASE.jar:/snap/netbeans/45/netbeans/java/modules/ext/spring-4/spring-test-4.3.29.RELEASE.jar:/snap/netbeans/45/netbeans/java/modules/ext/spring-4/spring-tx-4.3.29.RELEASE.jar:/snap/netbeans/45/netbeans/java/modules/ext/spring-4/spring-web-4.3.29.RELEASE.jar:/snap/netbeans/45/netbeans/java/modules/ext/spring-4/spring-webmvc-4.3.29.RELEASE.jar:/snap/netbeans/45/netbeans/java/modules/ext/spring-4/spring-webmvc-portlet-4.3.29.RELEASE.jar:/snap/netbeans/45/netbeans/java/modules/ext/spring-4/spring-websocket-4.3.29.RELEASE.jar" />
    <property name="test.binaryincludes" value="&lt;nothing&gt;" />
    <property name="do.jlink" value="false" />
    <property name="debug-transport" value="dt_socket" />
    <property name="libs.javaee-web-api-8.0.src" value="" />
    <property name="java.vendor.url" value="https://ubuntu.com/" />
    <property name="plugin.manager.install.global" value="false" />
    <property name="debug.modulepath" value="" />
    <property name="libs.eclipselink.javadoc" value="/snap/netbeans/45/netbeans/java/modules/ext/docs/javax.persistence-2.2.1-doc.zip" />
    <property name="libs.jsp-compilation.src" value="" />
    <property name="libs.JWSAntTasks.javadoc" value="" />
    <property name="sun.boot.library.path" value="/usr/lib/jvm/java-11-openjdk-amd64/lib" />
    <property name="sun.java.command" value="org.apache.tools.ant.taskdefs.optional.junit.JUnitTestRunner backend.OwnerTest skipNonTests=false filtertrace=true haltOnError=false haltOnFailure=false showoutput=true outputtoformatters=true logfailedtests=true threadid=0 logtestlistenerevents=true formatter=org.apache.tools.ant.taskdefs.optional.junit.BriefJUnitResultFormatter formatter=org.apache.tools.ant.taskdefs.optional.junit.XMLJUnitResultFormatter,/home/ashutosh/Zulu/build/test/results/TEST-backend.OwnerTest.xml crashfile=/home/ashutosh/Zulu/build/junitvmwatcher13652105557988201914.properties propsfile=/home/ashutosh/Zulu/build/junit17372407451925225116.properties" />
    <property name="jdk.debug" value="release" />
    <property name="libs.spring-framework300.src" value="" />
    <property name="javadoc.use" value="true" />
    <property name="javadoc.notree" value="false" />
    <property name="libs.CopyLibs.displayName" value="CopyLibs Task" />
    <property name="basedir" value="/home/ashutosh/Zulu" />
    <property name="application.vendor" value="achcha" />
    <property name="java.specification.name" value="Java Platform API Specification" />
    <property name="java.vm.specification.vendor" value="Oracle Corporation" />
    <property name="file.reference.mysql-connector-java-8.0.23.jar" value="lib/mysql-connector-java-8.0.23.jar" />
    <property name="libs.jsf20.classpath" value="/snap/netbeans/45/netbeans/enterprise/modules/ext/jsf-2_2/javax.faces.jar" />
    <property name="netbeans.extbrowser.manual_chrome_plugin_install" value="yes" />
    <property name="netbeans.default_userdir_root" value="/home/ashutosh/snap/netbeans/common/data" />
    <property name="libs.spring-framework500.javadoc" value="" />
    <property name="libs.jsp-compilation-syscp.src" value="" />
    <property name="jdk.home" value="/usr/lib/jvm/java-11-openjdk-amd64" />
    <property name="java.runtime.version" value="11.0.10+9-Ubuntu-0ubuntu1.20.04" />
    <property name="libs.eclipselink.maven-pom" value="" />
    <property name="libs.hamcrest.displayName" value="Hamcrest 1.3" />
    <property name="libs.metro.maven-pom" value="" />
    <property name="libs.JAXB-ENDORSED.javadoc" value="" />
    <property name="sun.java2d.noddraw" value="true" />
    <property name="sun.zip.disableMemoryMapping" value="true" />
    <property name="jnidispatch.path" value="/home/ashutosh/.cache/JNA/temp/jna12506296563232214663.tmp" />
    <property name="libs.jsp-compilation.javadoc" value="" />
    <property name="libs.primefaces.javadoc" value="" />
    <property name="libs.jsf12.src" value="" />
    <property name="libs.groovy-all.maven-pom" value="" />
    <property name="libs.restapi.src" value="" />
    <property name="libs.junit_5.javadoc" value="/snap/netbeans/45/netbeans/platform/docs/junit-jupiter-api-5.6.0-javadoc.jar:/snap/netbeans/45/netbeans/platform/docs/junit-jupiter-params-5.6.0-javadoc.jar:/snap/netbeans/45/netbeans/platform/docs/junit-jupiter-engine-5.6.0-javadoc.jar" />
    <property name="ant.file.type.Zulu-impl" value="file" />
    <property name="dist.archive.excludes" value="" />
    <property name="java.io.tmpdir" value="/tmp" />
    <property name="java.version" value="11.0.10" />
    <property name="libraries.basename" value="nblibraries" />
    <property name="java.vm.specification.name" value="Java Virtual Machine Specification" />
    <property name="libs.jakartaee-api-8.0.javadoc" value="/snap/netbeans/45/netbeans/enterprise/docs/jakartaee8-doc-api.jar" />
    <property name="libs.hamcrest.src" value="" />
    <property name="java.library.path" value="/usr/java/packages/lib:/usr/lib/x86_64-linux-gnu/jni:/lib/x86_64-linux-gnu:/usr/lib/x86_64-linux-gnu:/usr/lib/jni:/lib:/usr/lib" />
    <property name="java.vendor" value="Ubuntu" />
    <property name="libs.groovy-all.src" value="" />
    <property name="libs.testng.javadoc" value="/snap/netbeans/45/netbeans/platform/docs/testng-6.13.1-javadoc.jar" />
    <property name="meta.inf.dir" value="src/META-INF" />
    <property name="run.upgrademodulepath" value="" />
    <property name="compile.on.save" value="false" />
    <property name="jlink.additionalparam" value="" />
    <property name="libs.testng.maven-pom" value="" />
    <property name="org.openide.version" value="deprecated" />
    <property name="test.includes" value="backend/OwnerTest.java" />
    <property name="run.classpath" value="lib/mysql-connector-java-8.0.23.jar:/home/ashutosh/Zulu/lib/absolutelayout/AbsoluteLayout.jar:lib/itextpdf-5.4.0.jar:lib/xchart-3.8.0.jar:build/classes" />
    <property name="libs.jaxb.src" value="" />
    <property name="sun.awt.enableExtraMouseButtons" value="true" />
    <property name="test.src.dir" value="test" />
    <property name="org.openide.major.version" value="IDE/1" />
    <property name="libs.spring-framework300.javadoc" value="" />
    <property name="ap.proc.none.internal" value="" />
    <property name="org.openide.specification.version" value="6.2" />
    <property name="user.timezone" value="" />
    <property name="jar.index" value="false" />
    <property name="libs.jpa20-persistence.classpath" value="/snap/netbeans/45/netbeans/java/modules/ext/eclipselink/javax.persistence-2.2.1.jar" />
    <property name="libs.junit_5.classpath" value="/snap/netbeans/45/netbeans/platform/modules/ext/junit-jupiter-api-5.6.0.jar:/snap/netbeans/45/netbeans/platform/modules/ext/junit-jupiter-params-5.6.0.jar:/snap/netbeans/45/netbeans/platform/modules/ext/junit-jupiter-engine-5.6.0.jar" />
    <property name="libs.eclipselinkmodelgen.javadoc" value="" />
    <property name="java.vm.specification.version" value="11" />
    <property name="javadoc.noindex" value="false" />
    <property name="javadoc.private" value="false" />
    <property name="libs.spring-webmvc4.0.maven-pom" value="" />
    <property name="libs.JAXB-ENDORSED.maven-pom" value="" />
    <property name="user.home" value="/home/ashutosh" />
    <property name="libs.eclipselinkmodelgen.maven-pom" value="" />
    <property name="have.sources" value="true" />
    <property name="ant.file.Zulu-impl" value="/home/ashutosh/Zulu/nbproject/build-impl.xml" />
    <property name="annotation.processing.processors.list" value="" />
    <property name="jlink.launcher" value="true" />
    <property name="javac.deprecation" value="false" />
    <property name="file.reference.xchart-3.8.0.jar" value="lib/xchart-3.8.0.jar" />
    <property name="libs.junit_4.prop-maven-dependencies" value="junit:junit:4.13.1:jar" />
    <property name="libs.junit_4.displayName" value="JUnit 4.12" />
    <property name="build.generated.sources.dir" value="build/generated-sources" />
    <property name="plugin.manager.check.updates" value="false" />
    <property name="netbeans.autoupdate.language" value="en" />
    <property name="build.compiler.emacs" value="true" />
    <property name="libs.eclipselinkmodelgen.src" value="" />
    <property name="build.classes.excludes" value="**/*.java,**/*.form" />
    <property name="dist.jar" value="dist/Zulu.jar" />
    <property name="libs.spring-webmvc4.0.classpath" value="/snap/netbeans/45/netbeans/java/modules/ext/spring-4/spring-webmvc-4.3.29.RELEASE.jar" />
    <property name="modules.supported.internal" value="true" />
    <property name="libs.javaee-endorsed-api-7.0.javadoc" value="/snap/netbeans/45/netbeans/enterprise/docs/javaee-doc-api.jar" />
    <property name="os.version" value="5.8.0-48-generic" />
    <property name="netbeans.home" value="/snap/netbeans/45/netbeans/platform" />
    <property name="libs.CopyLibs.javadoc" value="" />
    <property name="debug-transport-by-os" value="dt_socket" />
    <property name="libs.jsf20.src" value="" />
    <property name="libs.javaee-api-8.0.javadoc" value="/snap/netbeans/45/netbeans/enterprise/docs/javaee-doc-api.jar" />
    <property name="java.vm.name" value="OpenJDK 64-Bit Server VM" />
    <property name="unnamed.module.internal" value="true" />
    <property name="libs.jstl.javadoc" value="/snap/netbeans/45/netbeans/enterprise/docs/javaee-doc-api.jar" />
    <property name="libs.javaee-endorsed-api-7.0.maven-pom" value="" />
    <property name="libs.jaxws21.classpath" value="/snap/netbeans/45/netbeans/ide/modules/ext/jaxb/jaxb-impl.jar:/snap/netbeans/45/netbeans/ide/modules/ext/jaxb/jaxb-xjc.jar:/snap/netbeans/45/netbeans/java/modules/ext/jaxws22/FastInfoset.jar:/snap/netbeans/45/netbeans/java/modules/ext/jaxws22/gmbal-api-only.jar:/snap/netbeans/45/netbeans/java/modules/ext/jaxws22/ha-api.jar:/snap/netbeans/45/netbeans/java/modules/ext/jaxws22/javax.mail_1.4.jar:/snap/netbeans/45/netbeans/java/modules/ext/jaxws22/jaxws-rt.jar:/snap/netbeans/45/netbeans/java/modules/ext/jaxws22/jaxws-tools.jar:/snap/netbeans/45/netbeans/java/modules/ext/jaxws22/management-api.jar:/snap/netbeans/45/netbeans/java/modules/ext/jaxws22/mimepull.jar:/snap/netbeans/45/netbeans/java/modules/ext/jaxws22/policy.jar:/snap/netbeans/45/netbeans/java/modules/ext/jaxws22/saaj-impl.jar:/snap/netbeans/45/netbeans/java/modules/ext/jaxws22/stax-ex.jar:/snap/netbeans/45/netbeans/java/modules/ext/jaxws22/stax2-api.jar:/snap/netbeans/45/netbeans/java/modules/ext/jaxws22/streambuffer.jar:/snap/netbeans/45/netbeans/java/modules/ext/jaxws22/woodstox-core-asl.jar:/snap/netbeans/45/netbeans/java/modules/ext/jaxws22/api/jaxws-api.jar:/snap/netbeans/45/netbeans/java/modules/ext/jaxws22/api/jsr181-api.jar:/snap/netbeans/45/netbeans/java/modules/ext/jaxws22/api/javax.annotation.jar:/snap/netbeans/45/netbeans/java/modules/ext/jaxws22/api/saaj-api.jar:/snap/netbeans/45/netbeans/ide/modules/ext/jaxb/activation.jar:/snap/netbeans/45/netbeans/ide/modules/ext/jaxb/api/jaxb-api.jar" />
    <property name="libs.restapi.classpath" value="/snap/netbeans/45/netbeans/enterprise/modules/ext/jaxrs-2.0/javax.ws.rs-api-2.0.jar" />
    <property name="os.arch" value="amd64" />
    <property name="build.generated.dir" value="build/generated" />
    <property name="libs.groovy-all.javadoc" value="" />
    <property name="libs.jakartaee-api-8.0.classpath" value="/snap/netbeans/45/netbeans/enterprise/modules/ext/jakarta.jakartaee-api-8.0.0.jar" />
    <property name="libs.javaee-web-api-7.0.javadoc" value="/snap/netbeans/45/netbeans/enterprise/docs/javaee-doc-api.jar" />
    <property name="libs.javaee-endorsed-api-6.0.src" value="" />
    <property name="libs.jsf12.maven-pom" value="" />
    <property name="libs.javaee-endorsed-api-7.0.classpath" value="/snap/netbeans/45/netbeans/enterprise/modules/ext/javaee7-endorsed/javax.annotation-api.jar:/snap/netbeans/45/netbeans/enterprise/modules/ext/javaee7-endorsed/javax.xml.soap-api.jar:/snap/netbeans/45/netbeans/enterprise/modules/ext/javaee7-endorsed/jaxb-api-osgi.jar:/snap/netbeans/45/netbeans/enterprise/modules/ext/javaee7-endorsed/jaxws-api.jar:/snap/netbeans/45/netbeans/enterprise/modules/ext/javaee7-endorsed/jsr181-api.jar" />
    <property name="libs.primefaces.maven-pom" value="" />
    <property name="org.netbeans.io.suspend" value="0" />
    <property name="awt.toolkit" value="sun.awt.X11.XToolkit" />
    <property name="ant.project.name" value="Zulu" />
    <property name="dist.javadoc.dir" value="dist/javadoc" />
    <property name="default.javac.target" value="11" />
    <property name="javac.fork" value="true" />
    <property name="libs.eclipselink.classpath" value="/snap/netbeans/45/netbeans/java/modules/ext/eclipselink/org.eclipse.persistence.core-2.7.7.jar:/snap/netbeans/45/netbeans/java/modules/ext/eclipselink/org.eclipse.persistence.asm-2.7.7.jar:/snap/netbeans/45/netbeans/java/modules/ext/eclipselink/org.eclipse.persistence.antlr-2.7.7.jar:/snap/netbeans/45/netbeans/java/modules/ext/eclipselink/org.eclipse.persistence.jpa-2.7.7.jar:/snap/netbeans/45/netbeans/java/modules/ext/eclipselink/org.eclipse.persistence.jpa.jpql-2.7.7.jar:/snap/netbeans/45/netbeans/java/modules/ext/eclipselink/org.eclipse.persistence.moxy-2.7.7.jar:/snap/netbeans/45/netbeans/java/modules/ext/eclipselink/javax.persistence-2.2.1.jar" />
    <property name="libs.struts.classpath" value="/snap/netbeans/45/netbeans/enterprise/modules/ext/struts/antlr-2.7.2.jar:/snap/netbeans/45/netbeans/enterprise/modules/ext/struts/bsf-2.3.0.jar:/snap/netbeans/45/netbeans/enterprise/modules/ext/struts/commons-beanutils-1.8.0.jar:/snap/netbeans/45/netbeans/enterprise/modules/ext/struts/commons-chain-1.2.jar:/snap/netbeans/45/netbeans/enterprise/modules/ext/struts/commons-digester-1.8.jar:/snap/netbeans/45/netbeans/enterprise/modules/ext/struts/commons-fileupload-1.1.1.jar:/snap/netbeans/45/netbeans/enterprise/modules/ext/struts/commons-io-1.1.jar:/snap/netbeans/45/netbeans/enterprise/modules/ext/struts/commons-logging-1.0.4.jar:/snap/netbeans/45/netbeans/enterprise/modules/ext/struts/commons-validator-1.3.1.jar:/snap/netbeans/45/netbeans/enterprise/modules/ext/struts/jstl-1.0.2.jar:/snap/netbeans/45/netbeans/enterprise/modules/ext/struts/oro-2.0.8.jar:/snap/netbeans/45/netbeans/enterprise/modules/ext/struts/standard-1.0.6.jar:/snap/netbeans/45/netbeans/enterprise/modules/ext/struts/struts-core-1.3.10.jar:/snap/netbeans/45/netbeans/enterprise/modules/ext/struts/struts-el-1.3.10.jar:/snap/netbeans/45/netbeans/enterprise/modules/ext/struts/struts-extras-1.3.10.jar:/snap/netbeans/45/netbeans/enterprise/modules/ext/struts/struts-faces-1.3.10.jar:/snap/netbeans/45/netbeans/enterprise/modules/ext/struts/struts-mailreader-dao-1.3.10.jar:/snap/netbeans/45/netbeans/enterprise/modules/ext/struts/struts-scripting-1.3.10.jar:/snap/netbeans/45/netbeans/enterprise/modules/ext/struts/struts-taglib-1.3.10.jar:/snap/netbeans/45/netbeans/enterprise/modules/ext/struts/struts-tiles-1.3.10.jar" />
    <property name="libs.hamcrest.prop-maven-dependencies" value="org.hamcrest:hamcrest-core:1.3:jar" />
    <property name="libs.PostgreSQLDriver.maven-pom" value="" />
    <property name="libs.absolutelayout.src" value="" />
    <property name="testng.mode" value="testng" />
    <property name="annotation.processing.enabled.in.editor" value="false" />
    <property name="java.vm.compressedOopsMode" value="Zero based" />
    <property name="ant.file.type.Zulu" value="file" />
    <property name="netbeans.productversion" value="Apache NetBeans IDE 12.3" />
    <property name="mkdist.disabled" value="false" />
    <property name="libs.javaee-web-api-6.0.javadoc" value="/snap/netbeans/45/netbeans/enterprise/docs/javaee-doc-api.jar" />
    <property name="libs.javaee-api-7.0.maven-pom" value="" />
    <property name="libs.groovy-all.classpath" value="/snap/netbeans/45/netbeans/groovy/modules/ext/groovy.jar:/snap/netbeans/45/netbeans/groovy/modules/ext/groovy-ant.jar" />
    <property name="libs.absolutelayout.javadoc" value="" />
    <property name="module.build.classes.dir" value="build/classes" />
    <property name="annotation.processing.processor.options" value="" />
    <property name="libs.jaxb.maven-pom" value="" />
    <property name="libs.javaee-api-6.0.maven-pom" value="" />
    <property name="dist.dir" value="dist" />
    <property name="build.dir" value="build" />
    <property name="libs.graaljs.maven-pom" value="" />
    <property name="netbeans.autoupdate.variant" value="" />
    <property name="javadoc.version" value="false" />
    <property name="libs.metro.classpath" value="/snap/netbeans/45/netbeans/ide/modules/ext/jaxb/activation.jar:/snap/netbeans/45/netbeans/enterprise/modules/ext/metro/webservices-api.jar:/snap/netbeans/45/netbeans/enterprise/modules/ext/metro/webservices-extra-api.jar:/snap/netbeans/45/netbeans/enterprise/modules/ext/metro/webservices-extra.jar:/snap/netbeans/45/netbeans/enterprise/modules/ext/metro/webservices-rt.jar:/snap/netbeans/45/netbeans/enterprise/modules/ext/metro/webservices-tools.jar" />
    <property name="libs.metro.src" value="" />
    <property name="libs.CopyLibs.classpath" value="/home/ashutosh/Zulu/lib/CopyLibs/org-netbeans-modules-java-j2seproject-copylibstask.jar" />
    <property name="sun.os.patch.level" value="unknown" />
    <property name="javadoc.html5" value="false" />
    <property name="javac.test.processorpath" value="lib/mysql-connector-java-8.0.23.jar:/home/ashutosh/Zulu/lib/absolutelayout/AbsoluteLayout.jar:lib/itextpdf-5.4.0.jar:lib/xchart-3.8.0.jar:build/classes:/home/ashutosh/Zulu/lib/junit_4/junit-4.13.1.jar:/home/ashutosh/Zulu/lib/hamcrest/hamcrest-core-1.3.jar" />
    <property name="libs.javaee-web-api-7.0.maven-pom" value="" />
    <property name="libs.javaee-web-api-8.0.maven-pom" value="" />
    <property name="netbeans.dirs" value="/snap/netbeans/45/netbeans/nb:/snap/netbeans/45/netbeans/ergonomics:/snap/netbeans/45/netbeans/ide:/snap/netbeans/45/netbeans/extide:/snap/netbeans/45/netbeans/java:/snap/netbeans/45/netbeans/apisupport:/snap/netbeans/45/netbeans/webcommon:/snap/netbeans/45/netbeans/websvccommon:/snap/netbeans/45/netbeans/enterprise:/snap/netbeans/45/netbeans/mobility:/snap/netbeans/45/netbeans/profiler:/snap/netbeans/45/netbeans/python:/snap/netbeans/45/netbeans/php:/snap/netbeans/45/netbeans/identity:/snap/netbeans/45/netbeans/harness:/snap/netbeans/45/netbeans/cnd:/snap/netbeans/45/netbeans/cndext:/snap/netbeans/45/netbeans/cpplite:/snap/netbeans/45/netbeans/dlight:/snap/netbeans/45/netbeans/groovy:/snap/netbeans/45/netbeans/extra:/snap/netbeans/45/netbeans/javacard:/snap/netbeans/45/netbeans/javafx:" />
    <property name="libraries.dir.nativedirsep" value="/home/ashutosh/Zulu/lib" />
    <property name="libs.hamcrest.maven-pom" value="" />
    <property name="javac.processorpath" value="lib/mysql-connector-java-8.0.23.jar:/home/ashutosh/Zulu/lib/absolutelayout/AbsoluteLayout.jar:lib/itextpdf-5.4.0.jar:lib/xchart-3.8.0.jar" />
    <property name="libs.javaee-api-6.0.javadoc" value="/snap/netbeans/45/netbeans/enterprise/docs/javaee-doc-api.jar" />
    <property name="libs.JWSAntTasks.maven-pom" value="" />
    <property name="run.modulepath" value="" />
    <property name="ant.file.Zulu" value="/home/ashutosh/Zulu/build.xml" />
    <property name="javac.upgrademodulepath" value="" />
    <property name="do.archive+manifest.available" value="true" />
    <property name="sun.java.launcher" value="SUN_STANDARD" />
    <property name="user.country" value="IN" />
    <property name="libs.jpa20-persistence.src" value="" />
    <property name="libs.restapi.javadoc" value="" />
    <property name="endorsed.classpath" value="" />
    <property name="javac.test.sourcepath" value="/home/ashutosh/Zulu/build/empty" />
    <property name="libs.spring-webmvc3.0.maven-pom" value="" />
    <property name="includes" value="**" />
    <property name="libs.jsf12.javadoc" value="/snap/netbeans/45/netbeans/enterprise/docs/javaee-doc-api.jar" />
    <property name="libs.hamcrest.classpath" value="/home/ashutosh/Zulu/lib/hamcrest/hamcrest-core-1.3.jar" />
    <property name="javadoc.splitindex" value="true" />
    <property name="libs.JWSAntTasks.classpath" value="/snap/netbeans/45/netbeans/java/ant/extra/org-netbeans-modules-javawebstart-anttasks.jar" />
    <property name="junit.available" value="true" />
    <property name="javac.processormodulepath" value="" />
    <property name="javadoc.encoding" value="UTF-8" />
    <property name="libs.jsp-compilation-syscp.maven-pom" value="" />
    <property name="netbeans.hash.code" value="unique=074bc0348-04b2-4cbb-9b5c-2e0937c350f3_ad856f64-b650-4af8-a7a3-f637d71aab47" />
    <property name="libs.jstl.src" value="" />
    <property name="jlink.strip" value="false" />
    <property name="libs.spring-webmvc3.0.classpath" value="/snap/netbeans/45/netbeans/java/modules/ext/spring-3.0/spring-webmvc-3.2.18.RELEASE.jar" />
    <property name="netbeans.running.environment" value="gnome" />
    <property name="java.runtime.name" value="OpenJDK Runtime Environment" />
    <property name="libs.jaxb.javadoc" value="/snap/netbeans/45/netbeans/ide/docs/jaxb-api-doc.jar" />
    <property name="manifest.available" value="true" />
    <property name="libs.spring-framework500.maven-pom" value="" />
    <property name="run.jvmargs.ide" value="" />
    <property name="ant.core.lib" value="/snap/netbeans/45/netbeans/extide/ant/lib/ant.jar" />
    <property name="libs.jsp-compilation.maven-pom" value="" />
    <property name="platforms.JDK_11.compiler" value="modern" />
    <property name="javac.profile.cmd.line.arg" value="" />
    <property name="application.title" value="Zulu" />
    <property name="javac.test.modulepath" value="" />
    <property name="libs.PostgreSQLDriver.javadoc" value="" />
    <property name="libs.jsp-compilation-syscp.classpath" value="/snap/netbeans/45/netbeans/extide/ant/lib/ant.jar:/snap/netbeans/45/netbeans/enterprise/modules/ext/servlet3.1-jsp2.3-api.jar:/snap/netbeans/45/netbeans/enterprise/modules/ext/glassfish-jspparser-4.0.jar:/snap/netbeans/45/netbeans/enterprise/modules/ext/jstl-impl.jar:/snap/netbeans/45/netbeans/enterprise/modules/ext/jsf-2_2/javax.faces.jar" />
    <property name="libs.jsp-compilation.classpath" value="/snap/netbeans/45/netbeans/extide/ant/lib/ant.jar:/snap/netbeans/45/netbeans/enterprise/modules/ext/servlet3.1-jsp2.3-api.jar:/snap/netbeans/45/netbeans/enterprise/modules/ext/glassfish-jspparser-4.0.jar:/snap/netbeans/45/netbeans/enterprise/modules/ext/jsf-2_2/javax.faces.jar:/snap/netbeans/45/netbeans/enterprise/modules/ext/jstl-api.jar:/snap/netbeans/45/netbeans/extide/ant/lib/ant-launcher.jar" />
    <property name="libs.javaee-api-6.0.classpath" value="/snap/netbeans/45/netbeans/enterprise/modules/ext/javaee-api-6.0.jar" />
    <property name="javac.includesfile.binary" value="/home/ashutosh/Zulu/null1573094280" />
    <property name="libs.javaee-api-7.0.classpath" value="/snap/netbeans/45/netbeans/enterprise/modules/ext/javaee-api-7.0.jar" />
    <property name="sun.cpu.isalist" value="" />
    <property name="libs.restapi.maven-pom" value="" />
    <property name="javadoc.preview" value="true" />
    <property name="do.depend" value="false" />
    <property name="sun.arch.data.model" value="64" />
    <property name="nb.show.statistics.ui" value="usageStatisticsEnabled" />
    <property name="sun.font.fontmanager" value="sun.awt.X11FontManager" />
    <property name="libs.javaee-endorsed-api-7.0.src" value="" />
    <property name="annotation.processing.enabled" value="true" />
    <property name="libs.junit_5.src" value="/snap/netbeans/45/netbeans/platform/docs/junit-jupiter-api-5.6.0-sources.jar:/snap/netbeans/45/netbeans/platform/docs/junit-jupiter-params-5.6.0-sources.jar:/snap/netbeans/45/netbeans/platform/docs/junit-jupiter-engine-5.6.0-sources.jar" />
    <property name="libs.jaxb.classpath" value="/snap/netbeans/45/netbeans/ide/modules/ext/jaxb/jaxb-impl.jar:/snap/netbeans/45/netbeans/ide/modules/ext/jaxb/jaxb-xjc.jar:/snap/netbeans/45/netbeans/ide/modules/ext/jaxb/activation.jar:/snap/netbeans/45/netbeans/ide/modules/ext/jaxb/api/jaxb-api.jar" />
    <property name="libs.javaee-api-8.0.classpath" value="/snap/netbeans/45/netbeans/enterprise/modules/ext/javaee-api-8.0.jar" />
    <property name="file.reference.itextpdf-5.4.0.jar" value="lib/itextpdf-5.4.0.jar" />
    <property name="libs.CopyLibs.src" value="" />
    <property name="platforms.JDK_11.home" value="/usr/lib/jvm/java-11-openjdk-amd64" />
    <property name="java.specification.vendor" value="Oracle Corporation" />
    <property name="javac.source" value="11" />
    <property name="java.version.date" value="2021-01-19" />
    <property name="java.home" value="/usr/lib/jvm/java-11-openjdk-amd64" />
    <property name="libs.CopyLibs.prop-version" value="3.0" />
    <property name="work.dir" value="/home/ashutosh/Zulu" />
    <property name="jna.boot.library.name" value="jnidispatch-nb" />
    <property name="javac.test.compilerargs" value="" />
    <property name="libs.PostgreSQLDriver.classpath" value="/snap/netbeans/45/netbeans/ide/modules/ext/postgresql-42.2.16.jar" />
    <property name="libs.graaljs.javadoc" value="" />
    <property name="libs.spring-webmvc3.0.javadoc" value="" />
    <property name="libs.JAXB-ENDORSED.src" value="" />
    <property name="manifest.encoding" value="UTF-8" />
    <property name="libs.spring-framework400.src" value="" />
    <property name="sun.management.compiler" value="HotSpot 64-Bit Tiered Compilers" />
    <property name="run.test.modulepath" value="" />
    <property name="libs.javaee-web-api-6.0.classpath" value="/snap/netbeans/45/netbeans/enterprise/modules/ext/javaee-web-api-6.0.jar" />
    <property name="libs.graaljs.classpath" value="/snap/netbeans/45/netbeans/webcommon/modules/ext/js-20.2.0.jar:/snap/netbeans/45/netbeans/webcommon/modules/ext/js-launcher-20.2.0.jar:/snap/netbeans/45/netbeans/webcommon/modules/ext/regex-20.2.0.jar:/snap/netbeans/45/netbeans/webcommon/modules/ext/icu4j-67.1.jar:/snap/netbeans/45/netbeans/ide/modules/ext/graal-sdk-20.2.0.jar:/snap/netbeans/45/netbeans/ide/modules/ext/launcher-common-20.2.0.jar:/snap/netbeans/45/netbeans/ide/modules/ext/truffle-api-20.2.0.jar" />
    <property name="libs.jsp-compiler.javadoc" value="" />
    <property name="debug.test.modulepath" value="" />
    <property name="libs.javaee-web-api-7.0.classpath" value="/snap/netbeans/45/netbeans/enterprise/modules/ext/javaee-web-api-7.0.jar" />
    <property name="file.encoding" value="UTF-8" />
    <property name="java.util.logging.config.class" value="org.netbeans.core.startup.TopLogging" />
    <property name="https.nonProxyHosts" value="localhost|127.0.0.1|ashuhp" />
    <property name="libs.restlib.javadoc" value="" />
    <property name="libs.absolutelayout.classpath" value="/home/ashutosh/Zulu/lib/absolutelayout/AbsoluteLayout.jar" />
    <property name="do.archive" value="true" />
    <property name="libs.struts.maven-pom" value="" />
    <property name="java.awt.printerjob" value="sun.print.PSPrinterJob" />
    <property name="built-jar.properties" value="/home/ashutosh/Zulu/build/built-jar.properties" />
    <property name="nb.native.filechooser" value="false" />
    <property name="libs.testng.src" value="" />
    <property name="libs.javaee-web-api-8.0.classpath" value="/snap/netbeans/45/netbeans/enterprise/modules/ext/javaee-web-api-8.0.jar" />
    <property name="platform.active" value="default_platform" />
    <property name="manifest.file" value="manifest.mf" />
    <property name="sun.io.unicode.encoding" value="UnicodeLittle" />
    <property name="libs.struts.javadoc" value="/snap/netbeans/45/netbeans/enterprise/docs/struts-1.3.10-javadoc.zip" />
    <property name="default.javac.source" value="11" />
    <property name="sun.desktop" value="gnome" />
    <property name="libs.javaee-web-api-8.0.javadoc" value="/snap/netbeans/45/netbeans/enterprise/docs/javaee-doc-api.jar" />
    <property name="netbeans.dynamic.classpath" value="/snap/netbeans/45/netbeans/platform/core/asm-8.0.1.jar:/snap/netbeans/45/netbeans/platform/core/asm-commons-8.0.1.jar:/snap/netbeans/45/netbeans/platform/core/asm-tree-8.0.1.jar:/snap/netbeans/45/netbeans/platform/core/core-base.jar:/snap/netbeans/45/netbeans/platform/core/core.jar:/snap/netbeans/45/netbeans/platform/core/org-netbeans-libs-asm.jar:/snap/netbeans/45/netbeans/platform/core/org-openide-filesystems-compat8.jar:/snap/netbeans/45/netbeans/platform/core/org-openide-filesystems.jar:/snap/netbeans/45/netbeans/nb/core/org-netbeans-upgrader.jar:/snap/netbeans/45/netbeans/nb/core/locale/core_nb.jar" />
    <property name="libs.eclipselinkmodelgen.classpath" value="/snap/netbeans/45/netbeans/java/modules/ext/eclipselink/org.eclipse.persistence.jpa.modelgen.processor-2.7.7.jar" />
    <property name="javac.systemmodulepath.cmd.line.arg" value="" />
    <property name="netbeans.buildnumber" value="12.3-c3d4f6fa6c956cf1b5a35e8da4f44a96ab76f6a9" />
    <property name="php.global.include.path" value="" />
    <property name="endorsed.classpath.cmd.line.arg" value="" />
    <property name="libs.jpa20-persistence.maven-pom" value="" />
    <property name="build.sysclasspath" value="ignore" />
    <property name="libs.CopyLibs.maven-pom" value="" />
    <property name="os.name" value="Linux" />
    <property name="libs.jakartaee-api-8.0.maven-pom" value="" />
    <property name="jdkBug6558476" value="false" />
    <property name="http.nonProxyHosts" value="localhost|127.0.0.1|ashuhp" />
    <property name="javadoc.author" value="false" />
    <property name="main.class" value="" />
    <property name="libs.jsp-compilation-syscp.javadoc" value="" />
    <property name="source.encoding" value="UTF-8" />
    <property name="jar.compress" value="true" />
    <property name="libs.javaee-api-7.0.javadoc" value="/snap/netbeans/45/netbeans/enterprise/docs/javaee-doc-api.jar" />
    <property name="libs.spring-webmvc5.0.src" value="" />
    <property name="java.awt.graphicsenv" value="sun.awt.X11GraphicsEnvironment" />
    <property name="libs.jsf20.maven-pom" value="" />
    <property name="libs.restlib.classpath" value="/snap/netbeans/45/netbeans/enterprise/modules/ext/jersey2/ext/asm-all-repackaged-2.2.0-b21.jar:/snap/netbeans/45/netbeans/enterprise/modules/ext/jersey2/ext/cglib-2.2.0-b21.jar:/snap/netbeans/45/netbeans/enterprise/modules/ext/jersey2/ext/guava-14.0.1.jar:/snap/netbeans/45/netbeans/enterprise/modules/ext/jersey2/ext/hk2-api-2.2.0-b21.jar:/snap/netbeans/45/netbeans/enterprise/modules/ext/jersey2/ext/hk2-locator-2.2.0-b21.jar:/snap/netbeans/45/netbeans/enterprise/modules/ext/jersey2/ext/hk2-utils-2.2.0-b21.jar:/snap/netbeans/45/netbeans/enterprise/modules/ext/jersey2/ext/javax.annotation-api-1.2.jar:/snap/netbeans/45/netbeans/enterprise/modules/ext/jersey2/ext/javax.inject-2.2.0-b21.jar:/snap/netbeans/45/netbeans/enterprise/modules/ext/jersey2/ext/javax.servlet-api-3.0.1.jar:/snap/netbeans/45/netbeans/enterprise/modules/ext/jersey2/ext/jaxb-api-2.2.7.jar:/snap/netbeans/45/netbeans/enterprise/modules/ext/jersey2/ext/jersey-entity-filtering-2.5.1.jar:/snap/netbeans/45/netbeans/enterprise/modules/ext/jersey2/ext/jersey-media-moxy-2.5.1.jar:/snap/netbeans/45/netbeans/enterprise/modules/ext/jersey2/ext/org.osgi.core-4.2.0.jar:/snap/netbeans/45/netbeans/enterprise/modules/ext/jersey2/ext/osgi-resource-locator-1.0.1.jar:/snap/netbeans/45/netbeans/enterprise/modules/ext/jersey2/ext/persistence-api-1.0.jar:/snap/netbeans/45/netbeans/enterprise/modules/ext/jersey2/ext/validation-api-1.1.0.Final.jar:/snap/netbeans/45/netbeans/enterprise/modules/ext/jersey2/jersey-client.jar:/snap/netbeans/45/netbeans/enterprise/modules/ext/jersey2/jersey-common.jar:/snap/netbeans/45/netbeans/enterprise/modules/ext/jersey2/jersey-container-servlet.jar:/snap/netbeans/45/netbeans/enterprise/modules/ext/jersey2/jersey-container-servlet-core.jar:/snap/netbeans/45/netbeans/enterprise/modules/ext/jersey2/jersey-server.jar:/snap/netbeans/45/netbeans/java/modules/ext/eclipselink/org.eclipse.persistence.core-2.7.7.jar:/snap/netbeans/45/netbeans/java/modules/ext/eclipselink/org.eclipse.persistence.asm-2.7.7.jar:/snap/netbeans/45/netbeans/java/modules/ext/eclipselink/org.eclipse.persistence.antlr-2.7.7.jar:/snap/netbeans/45/netbeans/java/modules/ext/eclipselink/org.eclipse.persistence.jpa-2.7.7.jar:/snap/netbeans/45/netbeans/java/modules/ext/eclipselink/org.eclipse.persistence.jpa.jpql-2.7.7.jar:/snap/netbeans/45/netbeans/java/modules/ext/eclipselink/org.eclipse.persistence.moxy-2.7.7.jar" />
    <property name="libs.jakartaee-web-api-8.0.javadoc" value="/snap/netbeans/45/netbeans/enterprise/docs/jakartaee8-doc-api.jar" />
    <property name="apple.awt.graphics.UseQuartz" value="true" />
    <property name="libs.graaljs.src" value="" />
    <property name="run.jvmargs" value="" />
    <property name="libs.primefaces.src" value="" />
    <property name="libraries.path" value="/home/ashutosh/Zulu/lib/nblibraries.properties" />
    <property name="ant.file" value="/home/ashutosh/Zulu/build.xml" />
    <property name="libs.struts.src" value="" />
    <property name="path.separator" value=":" />
    <property name="libs.JAXB-ENDORSED.classpath" value="/snap/netbeans/45/netbeans/ide/modules/ext/jaxb/api/jaxb-api.jar" />
    <property name="libs.restlib.src" value="" />
    <property name="build.test.results.dir" value="build/test/results" />
    <property name="libs.jaxws21.javadoc" value="/snap/netbeans/45/netbeans/java/docs/jaxws-api-doc.zip" />
    <property name="libs.spring-framework400.maven-pom" value="" />
    <property name="libs.javaee-endorsed-api-6.0.javadoc" value="/snap/netbeans/45/netbeans/enterprise/docs/javaee-doc-api.jar" />
    <property name="ap.processors.internal" value="" />
    <property name="module.name" value="" />
    <property name="libs.jsf12.classpath" value="/snap/netbeans/45/netbeans/enterprise/modules/ext/jsf-1_2/jsf-api.jar:/snap/netbeans/45/netbeans/enterprise/modules/ext/jsf-1_2/jsf-impl.jar" />
    <property name="libs.spring-webmvc5.0.javadoc" value="" />
    <property name="libs.spring-framework400.javadoc" value="" />
    <property name="libs.hamcrest.javadoc" value="" />
    <property name="do.jar" value="true" />
    <property name="java.vm.info" value="mixed mode, sharing" />
    <property name="libs.primefaces.classpath" value="/snap/netbeans/45/netbeans/enterprise/modules/ext/primefaces/primefaces-5.0.jar" />
    <property name="libs.jaxws21.maven-pom" value="" />
    <property name="run.test.classpath" value="lib/mysql-connector-java-8.0.23.jar:/home/ashutosh/Zulu/lib/absolutelayout/AbsoluteLayout.jar:lib/itextpdf-5.4.0.jar:lib/xchart-3.8.0.jar:build/classes:/home/ashutosh/Zulu/lib/junit_4/junit-4.13.1.jar:/home/ashutosh/Zulu/lib/hamcrest/hamcrest-core-1.3.jar:build/test/classes" />
    <property name="dist.jlink.output" value="dist/jlink/Zulu" />
    <property name="javadoc.encoding.used" value="UTF-8" />
    <property name="java.class.version" value="55.0" />
    <property name="src.dir" value="src" />
    <property name="debug.classpath" value="lib/mysql-connector-java-8.0.23.jar:/home/ashutosh/Zulu/lib/absolutelayout/AbsoluteLayout.jar:lib/itextpdf-5.4.0.jar:lib/xchart-3.8.0.jar:build/classes" />
    <property name="ant.project.default-target" value="default" />
    <property name="excludes" value="" />
    <property name="libs.javaee-api-7.0.src" value="" />
    <property name="libs.junit_4.javadoc" value="/home/ashutosh/Zulu/lib/junit_4/junit-4.13.1-javadoc.jar" />
    <property name="run.test.jvmargs" value="" />
    <property name="sun.jnu.encoding" value="UTF-8" />
    <property name="libs.spring-webmvc4.0.src" value="" />
    <property name="sun.java2d.dpiaware" value="true" />
    <property name="libs.absolutelayout.displayName" value="Absolute Layout" />
    <property name="libs.jsf20.javadoc" value="/snap/netbeans/45/netbeans/enterprise/docs/javaee-doc-api.jar" />
    <property name="netbeans.importclass" value="org.netbeans.upgrade.AutoUpgrade" />
    <property name="netbeans.autoupdate.version" value="1.23" />
    <property name="empty.dir" value="/home/ashutosh/Zulu/build/empty" />
    <property name="netbeans.user" value="/home/ashutosh/snap/netbeans/common/data/12.3" />
    <property name="javac.includes.binary" value="/home/ashutosh/Zulu/build/test/classes/backend/OwnerTest.class" />
    <property name="file.separator" value="/" />
    <property name="line.separator" value="&#xa;" />
    <property name="javadoc.additionalparam" value="" />
    <property name="libs.spring-webmvc5.0.classpath" value="/snap/netbeans/45/netbeans/java/modules/ext/spring-5/spring-webmvc-5.2.9.RELEASE.jar" />
    <property name="libs.restlib.maven-pom" value="" />
    <property name="javac.debug" value="true" />
    <property name="libs.testng.classpath" value="/snap/netbeans/45/netbeans/platform/modules/ext/testng-6.14.3.jar:/snap/netbeans/45/netbeans/platform/modules/ext/jcommander-1.78.jar" />
    <property name="libs.jsp-compiler.src" value="" />
    <property name="user.name" value="ashutosh" />
    <property name="build.classes.dir" value="build/classes" />
    <property name="nb.junit.single" value="false" />
    <property name="javadoc.windowtitle" value="" />
    <property name="nb.internal.action.name" value="run.single" />
    <property name="libs.javaee-api-8.0.maven-pom" value="" />
    <property name="libs.jaxws21.src" value="" />
    <property name="platforms.JDK_11.bootclasspath" value="/usr/lib/jvm/java-11-openjdk-amd64/!/modules/java.base/:/usr/lib/jvm/java-11-openjdk-amd64/!/modules/java.compiler/:/usr/lib/jvm/java-11-openjdk-amd64/!/modules/java.datatransfer/:/usr/lib/jvm/java-11-openjdk-amd64/!/modules/java.desktop/:/usr/lib/jvm/java-11-openjdk-amd64/!/modules/java.instrument/:/usr/lib/jvm/java-11-openjdk-amd64/!/modules/java.logging/:/usr/lib/jvm/java-11-openjdk-amd64/!/modules/java.management/:/usr/lib/jvm/java-11-openjdk-amd64/!/modules/java.management.rmi/:/usr/lib/jvm/java-11-openjdk-amd64/!/modules/java.naming/:/usr/lib/jvm/java-11-openjdk-amd64/!/modules/java.net.http/:/usr/lib/jvm/java-11-openjdk-amd64/!/modules/java.prefs/:/usr/lib/jvm/java-11-openjdk-amd64/!/modules/java.rmi/:/usr/lib/jvm/java-11-openjdk-amd64/!/modules/java.scripting/:/usr/lib/jvm/java-11-openjdk-amd64/!/modules/java.se/:/usr/lib/jvm/java-11-openjdk-amd64/!/modules/java.security.jgss/:/usr/lib/jvm/java-11-openjdk-amd64/!/modules/java.security.sasl/:/usr/lib/jvm/java-11-openjdk-amd64/!/modules/java.smartcardio/:/usr/lib/jvm/java-11-openjdk-amd64/!/modules/java.sql/:/usr/lib/jvm/java-11-openjdk-amd64/!/modules/java.sql.rowset/:/usr/lib/jvm/java-11-openjdk-amd64/!/modules/java.transaction.xa/:/usr/lib/jvm/java-11-openjdk-amd64/!/modules/java.xml/:/usr/lib/jvm/java-11-openjdk-amd64/!/modules/java.xml.crypto/:/usr/lib/jvm/java-11-openjdk-amd64/!/modules/jdk.accessibility/:/usr/lib/jvm/java-11-openjdk-amd64/!/modules/jdk.aot/:/usr/lib/jvm/java-11-openjdk-amd64/!/modules/jdk.attach/:/usr/lib/jvm/java-11-openjdk-amd64/!/modules/jdk.charsets/:/usr/lib/jvm/java-11-openjdk-amd64/!/modules/jdk.compiler/:/usr/lib/jvm/java-11-openjdk-amd64/!/modules/jdk.crypto.cryptoki/:/usr/lib/jvm/java-11-openjdk-amd64/!/modules/jdk.crypto.ec/:/usr/lib/jvm/java-11-openjdk-amd64/!/modules/jdk.dynalink/:/usr/lib/jvm/java-11-openjdk-amd64/!/modules/jdk.editpad/:/usr/lib/jvm/java-11-openjdk-amd64/!/modules/jdk.hotspot.agent/:/usr/lib/jvm/java-11-openjdk-amd64/!/modules/jdk.httpserver/:/usr/lib/jvm/java-11-openjdk-amd64/!/modules/jdk.internal.ed/:/usr/lib/jvm/java-11-openjdk-amd64/!/modules/jdk.internal.jvmstat/:/usr/lib/jvm/java-11-openjdk-amd64/!/modules/jdk.internal.le/:/usr/lib/jvm/java-11-openjdk-amd64/!/modules/jdk.internal.opt/:/usr/lib/jvm/java-11-openjdk-amd64/!/modules/jdk.internal.vm.ci/:/usr/lib/jvm/java-11-openjdk-amd64/!/modules/jdk.internal.vm.compiler/:/usr/lib/jvm/java-11-openjdk-amd64/!/modules/jdk.internal.vm.compiler.management/:/usr/lib/jvm/java-11-openjdk-amd64/!/modules/jdk.jartool/:/usr/lib/jvm/java-11-openjdk-amd64/!/modules/jdk.javadoc/:/usr/lib/jvm/java-11-openjdk-amd64/!/modules/jdk.jcmd/:/usr/lib/jvm/java-11-openjdk-amd64/!/modules/jdk.jconsole/:/usr/lib/jvm/java-11-openjdk-amd64/!/modules/jdk.jdeps/:/usr/lib/jvm/java-11-openjdk-amd64/!/modules/jdk.jdi/:/usr/lib/jvm/java-11-openjdk-amd64/!/modules/jdk.jdwp.agent/:/usr/lib/jvm/java-11-openjdk-amd64/!/modules/jdk.jfr/:/usr/lib/jvm/java-11-openjdk-amd64/!/modules/jdk.jlink/:/usr/lib/jvm/java-11-openjdk-amd64/!/modules/jdk.jshell/:/usr/lib/jvm/java-11-openjdk-amd64/!/modules/jdk.jsobject/:/usr/lib/jvm/java-11-openjdk-amd64/!/modules/jdk.jstatd/:/usr/lib/jvm/java-11-openjdk-amd64/!/modules/jdk.localedata/:/usr/lib/jvm/java-11-openjdk-amd64/!/modules/jdk.management/:/usr/lib/jvm/java-11-openjdk-amd64/!/modules/jdk.management.agent/:/usr/lib/jvm/java-11-openjdk-amd64/!/modules/jdk.management.jfr/:/usr/lib/jvm/java-11-openjdk-amd64/!/modules/jdk.naming.dns/:/usr/lib/jvm/java-11-openjdk-amd64/!/modules/jdk.naming.ldap/:/usr/lib/jvm/java-11-openjdk-amd64/!/modules/jdk.naming.rmi/:/usr/lib/jvm/java-11-openjdk-amd64/!/modules/jdk.net/:/usr/lib/jvm/java-11-openjdk-amd64/!/modules/jdk.pack/:/usr/lib/jvm/java-11-openjdk-amd64/!/modules/jdk.rmic/:/usr/lib/jvm/java-11-openjdk-amd64/!/modules/jdk.scripting.nashorn/:/usr/lib/jvm/java-11-openjdk-amd64/!/modules/jdk.scripting.nashorn.shell/:/usr/lib/jvm/java-11-openjdk-amd64/!/modules/jdk.sctp/:/usr/lib/jvm/java-11-openjdk-amd64/!/modules/jdk.security.auth/:/usr/lib/jvm/java-11-openjdk-amd64/!/modules/jdk.security.jgss/:/usr/lib/jvm/java-11-openjdk-amd64/!/modules/jdk.unsupported/:/usr/lib/jvm/java-11-openjdk-amd64/!/modules/jdk.unsupported.desktop/:/usr/lib/jvm/java-11-openjdk-amd64/!/modules/jdk.xml.dom/:/usr/lib/jvm/java-11-openjdk-amd64/!/modules/jdk.zipfs/" />
    <property name="jna.loaded" value="true" />
    <property name="libs.junit_5.maven-pom" value="" />
    <property name="libs.jpa20-persistence.javadoc" value="/snap/netbeans/45/netbeans/java/modules/ext/docs/javax.persistence-2.2.1-doc.zip" />
    <property name="ant.junit.enabletestlistenerevents" value="true" />
    <property name="libs.JWSAntTasks.src" value="" />
    <property name="libs.spring-webmvc3.0.src" value="" />
    <property name="ant.home" value="/snap/netbeans/45/netbeans/extide/ant" />
    <property name="javac.external.vm" value="true" />
    <property name="have.tests" value="true" />
    <property name="debug.test.classpath" value="lib/mysql-connector-java-8.0.23.jar:/home/ashutosh/Zulu/lib/absolutelayout/AbsoluteLayout.jar:lib/itextpdf-5.4.0.jar:lib/xchart-3.8.0.jar:build/classes:/home/ashutosh/Zulu/lib/junit_4/junit-4.13.1.jar:/home/ashutosh/Zulu/lib/hamcrest/hamcrest-core-1.3.jar:build/test/classes" />
    <property name="testng.debug.mode" value="" />
    <property name="javac.target" value="11" />
    <property name="ant.version" value="Apache Ant(TM) version 1.10.8 compiled on May 10 2020" />
    <property name="libraries.dir" value="/home/ashutosh/Zulu/lib" />
    <property name="libs.absolutelayout.maven-pom" value="" />
    <property name="jdk.gtk.version" value="2.2" />
    <property name="java.failonerror" value="true" />
    <property name="javac.modulepath" value="" />
    <property name="libs.spring-framework500.src" value="" />
    <property name="libs.javaee-api-6.0.src" value="" />
    <property name="user.properties.file" value="/home/ashutosh/snap/netbeans/common/data/12.3/build.properties" />
    <property name="javac.includes" value="backend/OwnerTest.java" />
    <property name="netbeans.autoupdate.country" value="IN" />
    <property name="java.class.path" value="/home/ashutosh/Zulu/lib/mysql-connector-java-8.0.23.jar:/home/ashutosh/Zulu/lib/absolutelayout/AbsoluteLayout.jar:/home/ashutosh/Zulu/lib/itextpdf-5.4.0.jar:/home/ashutosh/Zulu/lib/xchart-3.8.0.jar:/home/ashutosh/Zulu/build/classes:/home/ashutosh/Zulu/lib/junit_4/junit-4.13.1.jar:/home/ashutosh/Zulu/lib/hamcrest/hamcrest-core-1.3.jar:/home/ashutosh/Zulu/build/test/classes:/snap/netbeans/45/netbeans/extide/ant/lib/ant-launcher.jar:/snap/netbeans/45/netbeans/extide/ant/lib/ant.jar:/snap/netbeans/45/netbeans/extide/ant/lib/ant-junit.jar:/snap/netbeans/45/netbeans/extide/ant/lib/ant-junit4.jar" />
    <property name="libs.javaee-web-api-6.0.maven-pom" value="" />
    <property name="java.vm.vendor" value="Ubuntu" />
    <property name="ap.supported.internal" value="true" />
    <property name="netbeans.home+have.tests" value="true" />
    <property name="test.binaryexcludes" value="" />
    <property name="javac.compilerargs" value="" />
    <property name="libs.jstl.maven-pom" value="" />
    <property name="libs.jakartaee-web-api-8.0.src" value="" />
    <property name="sun.cpu.endian" value="little" />
    <property name="libs.junit_4.src" value="/home/ashutosh/Zulu/lib/junit_4/junit-4.13.1-sources.jar" />
    <property name="user.language" value="en" />
    <property name="copylibs.rebase" value="true" />
    <property name="maven.defaultProjectBuilder.disableGlobalModelCache" value="true" />
    <property name="libs.javaee-web-api-6.0.src" value="" />
    <property name="javadoc.nonavbar" value="false" />
    <property name="libs.javaee-api-8.0.src" value="" />
    <property name="ant.java.version" value="11" />
    <property name="libs.junit_4.classpath" value="/home/ashutosh/Zulu/lib/junit_4/junit-4.13.1.jar" />
    <property name="jlink.launcher.name" value="Zulu" />
    <property name="test.binarytestincludes" value="" />
    <property name="libs.spring-webmvc5.0.maven-pom" value="" />
    <property name="libs.junit_4.maven-pom" value="" />
    <property name="libs.jsp-compiler.maven-pom" value="" />
    <property name="runtime.encoding" value="UTF-8" />
    <property name="jlink.additionalmodules" value="" />
    <property name="libs.jakartaee-web-api-8.0.classpath" value="/snap/netbeans/45/netbeans/enterprise/modules/ext/jakarta.jakartaee-web-api-8.0.0.jar" />
    <property name="javac.classpath" value="lib/mysql-connector-java-8.0.23.jar:/home/ashutosh/Zulu/lib/absolutelayout/AbsoluteLayout.jar:lib/itextpdf-5.4.0.jar:lib/xchart-3.8.0.jar" />
    <property name="dist.jlink.dir" value="dist/jlink" />
    <property name="nb.junit.batch" value="true" />
    <property name="build.test.classes.dir" value="build/test/classes" />
    <property name="libs.spring-framework300.maven-pom" value="" />
    <property name="ant.project.invoked-targets" value="test-single" />
    <property name="libs.jstl.classpath" value="/snap/netbeans/45/netbeans/enterprise/modules/ext/jstl-impl.jar:/snap/netbeans/45/netbeans/enterprise/modules/ext/jstl-api.jar" />
    <property name="jna.platform.library.path" value="/usr/lib/x86_64-linux-gnu:/lib/x86_64-linux-gnu:/usr/lib64:/lib64:/usr/lib:/lib:/lib/i386-linux-gnu:/usr/lib/x86_64-linux-gnu/libfakeroot" />
    <property name="ap.cmd.line.internal" value="" />
    <property name="libs.PostgreSQLDriver.src" value="" />
    <property name="java.vendor.url.bug" value="https://bugs.launchpad.net/ubuntu/+source/openjdk-lts" />
    <property name="annotation.processing.source.output" value="build/generated-sources/ap-source-output" />
    <property name="user.dir" value="/home/ashutosh/Zulu" />
    <property name="libs.javaee-endorsed-api-6.0.maven-pom" value="" />
    <property name="platform.java" value="/usr/lib/jvm/java-11-openjdk-amd64/bin/java" />
    <property name="application.args" value="" />
    <property name="org.xml.sax.driver" value="com.sun.org.apache.xerces.internal.jaxp.SAXParserImpl$JAXPSAXParser" />
    <property name="libs.jakartaee-web-api-8.0.maven-pom" value="" />
    <property name="libs.eclipselink.src" value="" />
    <property name="java.vm.version" value="11.0.10+9-Ubuntu-0ubuntu1.20.04" />
    <property name="libs.metro.javadoc" value="/snap/netbeans/45/netbeans/enterprise/docs/webservices-api-javadoc.jar:/snap/netbeans/45/netbeans/enterprise/docs/webservices-extra-javadoc.jar:/snap/netbeans/45/netbeans/enterprise/docs/webservices-extra-api-javadoc.jar:/snap/netbeans/45/netbeans/enterprise/docs/webservices-rt-javadoc.jar:/snap/netbeans/45/netbeans/enterprise/docs/webservices-tools-javadoc.jar" />
    <property name="sun.awt.datatransfer.timeout" value="1000" />
    <property name="test.class" value="backend.OwnerTest" />
    <property name="junit.forkmode" value="perTest" />
    <property name="libs.jsp-compiler.classpath" value="/snap/netbeans/45/netbeans/enterprise/ant/extra/jspcompile.jar" />
    <property name="annotation.processing.run.all.processors" value="true" />
    <property name="libs.jakartaee-api-8.0.src" value="" />
    <property name="libs.javaee-web-api-7.0.src" value="" />
    <property name="libs.javaee-endorsed-api-6.0.classpath" value="/snap/netbeans/45/netbeans/enterprise/modules/ext/javaee6-endorsed/javax.annotation.jar:/snap/netbeans/45/netbeans/enterprise/modules/ext/javaee6-endorsed/jaxb-api-osgi.jar:/snap/netbeans/45/netbeans/enterprise/modules/ext/javaee6-endorsed/webservices-api-osgi.jar" />
  </properties>
  <testcase classname="backend.OwnerTest" name="a_testType" time="0.001" />
  <testcase classname="backend.OwnerTest" name="b_testGetName" time="0.0" />
  <testcase classname="backend.OwnerTest" name="c_testSetName" time="0.0" />
  <testcase classname="backend.OwnerTest" name="d_testGetUsername" time="0.0" />
  <testcase classname="backend.OwnerTest" name="e_testSetUsername" time="0.0" />
  <testcase classname="backend.OwnerTest" name="f_testValidate" time="0.07" />
  <system-out><![CDATA[type
getName
setName
getUsername
setUsername
validate
]]></system-out>
  <system-err><![CDATA[]]></system-err>
</testsuite>
